This file contains any messages produced by compilers while
running configure, to aid debugging if configure makes a mistake.

It was created by vlc configure 2.2.0, which was
generated by GNU Autoconf 2.69.  Invocation command line was

  $ ./configure 

## --------- ##
## Platform. ##
## --------- ##

hostname = Felix-Think
uname -m = i686
uname -r = 2.4.0(0.293/5/3)
uname -s = CYGWIN_NT-6.1-WOW
uname -v = 2016-01-15 16:14

/usr/bin/uname -p = unknown
/bin/uname -X     = unknown

/bin/arch              = i686
/usr/bin/arch -k       = unknown
/usr/convex/getsysinfo = unknown
/usr/bin/hostinfo      = unknown
/bin/machine           = unknown
/usr/bin/oslevel       = unknown
/bin/universe          = unknown

PATH: /usr/local/bin
PATH: /usr/bin
PATH: /cygdrive/c/Program Files (x86)/Intel/Compiler/11.1/054/tbb/intel64/vc9/bin
PATH: /cygdrive/c/Program Files (x86)/Intel/Compiler/11.1/054/ipp/em64t/bin
PATH: /cygdrive/c/Program Files (x86)/Intel/Compiler/11.1/054/lib/Intel64
PATH: /cygdrive/c/Program Files (x86)/Intel/Compiler/11.1/054/lib/ia32
PATH: /cygdrive/c/Program Files (x86)/Intel/Compiler/11.1/054/mkl/em64t/bin
PATH: /cygdrive/c/Program Files (x86)/AMD APP/bin/x86_64
PATH: /cygdrive/c/Program Files (x86)/AMD APP/bin/x86
PATH: /cygdrive/c/Windows/system32
PATH: /cygdrive/c/Windows
PATH: /cygdrive/c/Windows/System32/Wbem
PATH: /cygdrive/c/Windows/System32/WindowsPowerShell/v1.0
PATH: /cygdrive/c/Program Files (x86)/ATI Technologies/ATI.ACE/Core-Static
PATH: /cygdrive/c/Program Files/TortoiseSVN/bin
PATH: /cygdrive/c/Python27
PATH: /cygdrive/c/tools
PATH: /cygdrive/c/Program Files (x86)/CMake 2.8/bin
PATH: /usr/bin
PATH: ~/bin
PATH: /cygdrive/c/tools/
PATH: /cygdrive/d/workspace/as265_python_scripts/trunk/


## ----------- ##
## Core tests. ##
## ----------- ##

configure:4367: checking build system type
configure:4381: result: i686-pc-cygwin
configure:4401: checking host system type
configure:4414: result: i686-pc-cygwin
configure:4454: checking for a BSD-compatible install
configure:4522: result: /usr/bin/install -c
configure:4533: checking whether build environment is sane
configure:4588: result: yes
configure:4739: checking for a thread-safe mkdir -p
configure:4778: result: /usr/bin/mkdir -p
configure:4785: checking for gawk
configure:4801: found /usr/bin/gawk
configure:4812: result: gawk
configure:4823: checking whether make sets $(MAKE)
configure:4845: result: yes
configure:4874: checking whether make supports nested variables
configure:4891: result: yes
configure:4980: checking whether UID '197608' is supported by ustar format
configure:4983: result: yes
configure:4990: checking whether GID '197121' is supported by ustar format
configure:4993: result: yes
configure:5001: checking how to create a ustar tar archive
configure:5012: tar --version
tar (GNU tar) 1.28
Packaged by Cygwin (1.28-1)
Copyright (C) 2014 Free Software Foundation, Inc.
License GPLv3+: GNU GPL version 3 or later <http://gnu.org/licenses/gpl.html>.
This is free software: you are free to change and redistribute it.
There is NO WARRANTY, to the extent permitted by law.

Written by John Gilmore and Jay Fenlason.
configure:5015: $? = 0
configure:5055: tardir=conftest.dir && eval tar --format=ustar -chf - "$tardir" >conftest.tar
configure:5058: $? = 0
configure:5062: tar -xf - <conftest.tar
configure:5065: $? = 0
configure:5067: cat conftest.dir/file
GrepMe
configure:5070: $? = 0
configure:5083: result: gnutar
configure:5148: checking whether make supports nested variables
configure:5165: result: yes
configure:5181: checking whether to enable maintainer-specific portions of Makefiles
configure:5190: result: yes
configure:5221: checking for style of include used by make
configure:5249: result: GNU
configure:5320: checking for gcc
configure:5336: found /usr/bin/gcc
configure:5347: result: gcc
configure:5576: checking for C compiler version
configure:5585: gcc --version >&5
gcc (GCC) 4.9.3
Copyright (C) 2015 Free Software Foundation, Inc.
This is free software; see the source for copying conditions.  There is NO
warranty; not even for MERCHANTABILITY or FITNESS FOR A PARTICULAR PURPOSE.

configure:5596: $? = 0
configure:5585: gcc -v >&5
Using built-in specs.
COLLECT_GCC=gcc
COLLECT_LTO_WRAPPER=/usr/lib/gcc/i686-pc-cygwin/4.9.3/lto-wrapper.exe
Target: i686-pc-cygwin
Configured with: /cygdrive/i/szsz/tmpp/gcc/gcc-4.9.3-1.i686/src/gcc-4.9.3/configure --srcdir=/cygdrive/i/szsz/tmpp/gcc/gcc-4.9.3-1.i686/src/gcc-4.9.3 --prefix=/usr --exec-prefix=/usr --localstatedir=/var --sysconfdir=/etc --docdir=/usr/share/doc/gcc --htmldir=/usr/share/doc/gcc/html -C --build=i686-pc-cygwin --host=i686-pc-cygwin --target=i686-pc-cygwin --without-libiconv-prefix --without-libintl-prefix --libexecdir=/usr/lib --enable-shared --enable-shared-libgcc --enable-static --enable-version-specific-runtime-libs --enable-bootstrap --enable-__cxa_atexit --with-dwarf2 --with-arch=i686 --with-tune=generic --disable-sjlj-exceptions --enable-languages=ada,c,c++,fortran,java,lto,objc,obj-c++ --enable-graphite --enable-threads=posix --enable-libatomic --enable-libgomp --disable-libitm --enable-libquadmath --enable-libquadmath-support --enable-libssp --enable-libada --enable-libjava --enable-libgcj-sublibs --disable-java-awt --disable-symvers --with-ecj-jar=/usr/share/java/ecj.jar --with-gnu-ld --with-gnu-as --with-cloog-include=/usr/include/cloog-isl --without-libiconv-prefix --without-libintl-prefix --with-system-zlib --enable-linker-build-id
Thread model: posix
gcc version 4.9.3 (GCC) 
configure:5596: $? = 0
configure:5585: gcc -V >&5
gcc: error: unrecognized command line option '-V'
gcc: fatal error: no input files
compilation terminated.
configure:5596: $? = 1
configure:5585: gcc -qversion >&5
gcc: error: unrecognized command line option '-qversion'
gcc: fatal error: no input files
compilation terminated.
configure:5596: $? = 1
configure:5616: checking whether the C compiler works
configure:5638: gcc    conftest.c  >&5
configure:5642: $? = 0
configure:5690: result: yes
configure:5693: checking for C compiler default output file name
configure:5695: result: a.exe
configure:5701: checking for suffix of executables
configure:5708: gcc -o conftest.exe    conftest.c  >&5
configure:5712: $? = 0
configure:5734: result: .exe
configure:5756: checking whether we are cross compiling
configure:5764: gcc -o conftest.exe    conftest.c  >&5
configure:5768: $? = 0
configure:5775: ./conftest.exe
configure:5779: $? = 0
configure:5794: result: no
configure:5799: checking for suffix of object files
configure:5821: gcc -c   conftest.c >&5
configure:5825: $? = 0
configure:5846: result: o
configure:5850: checking whether we are using the GNU C compiler
configure:5869: gcc -c   conftest.c >&5
configure:5869: $? = 0
configure:5878: result: yes
configure:5887: checking whether gcc accepts -g
configure:5907: gcc -c -g  conftest.c >&5
configure:5907: $? = 0
configure:5948: result: yes
configure:5965: checking for gcc option to accept ISO C89
configure:6028: gcc  -c -g -O2  conftest.c >&5
configure:6028: $? = 0
configure:6041: result: none needed
configure:6066: checking whether gcc understands -c and -o together
configure:6088: gcc -c conftest.c -o conftest2.o
configure:6091: $? = 0
configure:6088: gcc -c conftest.c -o conftest2.o
configure:6091: $? = 0
configure:6103: result: yes
configure:6122: checking dependency style of gcc
configure:6233: result: gcc3
configure:6248: checking for gcc option to accept ISO C99
configure:6397: gcc  -c -g -O2  conftest.c >&5
conftest.c:61:29: error: expected ';', ',' or ')' before 'text'
 test_restrict (ccp restrict text)
                             ^
conftest.c: In function 'main':
conftest.c:115:18: error: expected '=', ',', ';', 'asm' or '__attribute__' before 'newvar'
   char *restrict newvar = "Another string";
                  ^
conftest.c:115:18: error: 'newvar' undeclared (first use in this function)
conftest.c:115:18: note: each undeclared identifier is reported only once for each function it appears in
conftest.c:125:3: error: 'for' loop initial declarations are only allowed in C99 or C11 mode
   for (int i = 0; i < ia->datasize; ++i)
   ^
conftest.c:125:3: note: use option -std=c99, -std=gnu99, -std=c11 or -std=gnu11 to compile your code
configure:6397: $? = 1
configure: failed program was:
| /* confdefs.h */
| #define PACKAGE_NAME "vlc"
| #define PACKAGE_TARNAME "vlc"
| #define PACKAGE_VERSION "2.2.0"
| #define PACKAGE_STRING "vlc 2.2.0"
| #define PACKAGE_BUGREPORT ""
| #define PACKAGE_URL ""
| #define PACKAGE "vlc"
| #define VERSION "2.2.0"
| /* end confdefs.h.  */
| #include <stdarg.h>
| #include <stdbool.h>
| #include <stdlib.h>
| #include <wchar.h>
| #include <stdio.h>
| 
| // Check varargs macros.  These examples are taken from C99 6.10.3.5.
| #define debug(...) fprintf (stderr, __VA_ARGS__)
| #define showlist(...) puts (#__VA_ARGS__)
| #define report(test,...) ((test) ? puts (#test) : printf (__VA_ARGS__))
| static void
| test_varargs_macros (void)
| {
|   int x = 1234;
|   int y = 5678;
|   debug ("Flag");
|   debug ("X = %d\n", x);
|   showlist (The first, second, and third items.);
|   report (x>y, "x is %d but y is %d", x, y);
| }
| 
| // Check long long types.
| #define BIG64 18446744073709551615ull
| #define BIG32 4294967295ul
| #define BIG_OK (BIG64 / BIG32 == 4294967297ull && BIG64 % BIG32 == 0)
| #if !BIG_OK
|   your preprocessor is broken;
| #endif
| #if BIG_OK
| #else
|   your preprocessor is broken;
| #endif
| static long long int bignum = -9223372036854775807LL;
| static unsigned long long int ubignum = BIG64;
| 
| struct incomplete_array
| {
|   int datasize;
|   double data[];
| };
| 
| struct named_init {
|   int number;
|   const wchar_t *name;
|   double average;
| };
| 
| typedef const char *ccp;
| 
| static inline int
| test_restrict (ccp restrict text)
| {
|   // See if C++-style comments work.
|   // Iterate through items via the restricted pointer.
|   // Also check for declarations in for loops.
|   for (unsigned int i = 0; *(text+i) != '\0'; ++i)
|     continue;
|   return 0;
| }
| 
| // Check varargs and va_copy.
| static void
| test_varargs (const char *format, ...)
| {
|   va_list args;
|   va_start (args, format);
|   va_list args_copy;
|   va_copy (args_copy, args);
| 
|   const char *str;
|   int number;
|   float fnumber;
| 
|   while (*format)
|     {
|       switch (*format++)
| 	{
| 	case 's': // string
| 	  str = va_arg (args_copy, const char *);
| 	  break;
| 	case 'd': // int
| 	  number = va_arg (args_copy, int);
| 	  break;
| 	case 'f': // float
| 	  fnumber = va_arg (args_copy, double);
| 	  break;
| 	default:
| 	  break;
| 	}
|     }
|   va_end (args_copy);
|   va_end (args);
| }
| 
| int
| main ()
| {
| 
|   // Check bool.
|   _Bool success = false;
| 
|   // Check restrict.
|   if (test_restrict ("String literal") == 0)
|     success = true;
|   char *restrict newvar = "Another string";
| 
|   // Check varargs.
|   test_varargs ("s, d' f .", "string", 65, 34.234);
|   test_varargs_macros ();
| 
|   // Check flexible array members.
|   struct incomplete_array *ia =
|     malloc (sizeof (struct incomplete_array) + (sizeof (double) * 10));
|   ia->datasize = 10;
|   for (int i = 0; i < ia->datasize; ++i)
|     ia->data[i] = i * 1.234;
| 
|   // Check named initializers.
|   struct named_init ni = {
|     .number = 34,
|     .name = L"Test wide string",
|     .average = 543.34343,
|   };
| 
|   ni.number = 58;
| 
|   int dynamic_array[ni.number];
|   dynamic_array[ni.number - 1] = 543;
| 
|   // work around unused variable warnings
|   return (!success || bignum == 0LL || ubignum == 0uLL || newvar[0] == 'x'
| 	  || dynamic_array[ni.number - 1] != 543);
| 
|   ;
|   return 0;
| }
configure:6397: gcc -std=gnu99 -c -g -O2  conftest.c >&5
configure:6397: $? = 0
configure:6417: result: -std=gnu99
configure:6431: checking how to run the C preprocessor
configure:6462: gcc -std=gnu99 -E  conftest.c
configure:6462: $? = 0
configure:6476: gcc -std=gnu99 -E  conftest.c
conftest.c:11:28: fatal error: ac_nonexistent.h: No such file or directory
 #include <ac_nonexistent.h>
                            ^
compilation terminated.
configure:6476: $? = 1
configure: failed program was:
| /* confdefs.h */
| #define PACKAGE_NAME "vlc"
| #define PACKAGE_TARNAME "vlc"
| #define PACKAGE_VERSION "2.2.0"
| #define PACKAGE_STRING "vlc 2.2.0"
| #define PACKAGE_BUGREPORT ""
| #define PACKAGE_URL ""
| #define PACKAGE "vlc"
| #define VERSION "2.2.0"
| /* end confdefs.h.  */
| #include <ac_nonexistent.h>
configure:6501: result: gcc -std=gnu99 -E
configure:6521: gcc -std=gnu99 -E  conftest.c
configure:6521: $? = 0
configure:6535: gcc -std=gnu99 -E  conftest.c
conftest.c:11:28: fatal error: ac_nonexistent.h: No such file or directory
 #include <ac_nonexistent.h>
                            ^
compilation terminated.
configure:6535: $? = 1
configure: failed program was:
| /* confdefs.h */
| #define PACKAGE_NAME "vlc"
| #define PACKAGE_TARNAME "vlc"
| #define PACKAGE_VERSION "2.2.0"
| #define PACKAGE_STRING "vlc 2.2.0"
| #define PACKAGE_BUGREPORT ""
| #define PACKAGE_URL ""
| #define PACKAGE "vlc"
| #define VERSION "2.2.0"
| /* end confdefs.h.  */
| #include <ac_nonexistent.h>
configure:6564: checking for grep that handles long lines and -e
configure:6622: result: /usr/bin/grep
configure:6627: checking for egrep
configure:6689: result: /usr/bin/grep -E
configure:6694: checking for ANSI C header files
configure:6714: gcc -std=gnu99 -c -g -O2  conftest.c >&5
configure:6714: $? = 0
configure:6787: gcc -std=gnu99 -o conftest.exe -g -O2   conftest.c  >&5
configure:6787: $? = 0
configure:6787: ./conftest.exe
configure:6787: $? = 0
configure:6798: result: yes
configure:6811: checking for sys/types.h
configure:6811: gcc -std=gnu99 -c -g -O2  conftest.c >&5
configure:6811: $? = 0
configure:6811: result: yes
configure:6811: checking for sys/stat.h
configure:6811: gcc -std=gnu99 -c -g -O2  conftest.c >&5
configure:6811: $? = 0
configure:6811: result: yes
configure:6811: checking for stdlib.h
configure:6811: gcc -std=gnu99 -c -g -O2  conftest.c >&5
configure:6811: $? = 0
configure:6811: result: yes
configure:6811: checking for string.h
configure:6811: gcc -std=gnu99 -c -g -O2  conftest.c >&5
configure:6811: $? = 0
configure:6811: result: yes
configure:6811: checking for memory.h
configure:6811: gcc -std=gnu99 -c -g -O2  conftest.c >&5
configure:6811: $? = 0
configure:6811: result: yes
configure:6811: checking for strings.h
configure:6811: gcc -std=gnu99 -c -g -O2  conftest.c >&5
configure:6811: $? = 0
configure:6811: result: yes
configure:6811: checking for inttypes.h
configure:6811: gcc -std=gnu99 -c -g -O2  conftest.c >&5
configure:6811: $? = 0
configure:6811: result: yes
configure:6811: checking for stdint.h
configure:6811: gcc -std=gnu99 -c -g -O2  conftest.c >&5
configure:6811: $? = 0
configure:6811: result: yes
configure:6811: checking for unistd.h
configure:6811: gcc -std=gnu99 -c -g -O2  conftest.c >&5
configure:6811: $? = 0
configure:6811: result: yes
configure:6824: checking minix/config.h usability
configure:6824: gcc -std=gnu99 -c -g -O2  conftest.c >&5
conftest.c:54:26: fatal error: minix/config.h: No such file or directory
 #include <minix/config.h>
                          ^
compilation terminated.
configure:6824: $? = 1
configure: failed program was:
| /* confdefs.h */
| #define PACKAGE_NAME "vlc"
| #define PACKAGE_TARNAME "vlc"
| #define PACKAGE_VERSION "2.2.0"
| #define PACKAGE_STRING "vlc 2.2.0"
| #define PACKAGE_BUGREPORT ""
| #define PACKAGE_URL ""
| #define PACKAGE "vlc"
| #define VERSION "2.2.0"
| #define STDC_HEADERS 1
| #define HAVE_SYS_TYPES_H 1
| #define HAVE_SYS_STAT_H 1
| #define HAVE_STDLIB_H 1
| #define HAVE_STRING_H 1
| #define HAVE_MEMORY_H 1
| #define HAVE_STRINGS_H 1
| #define HAVE_INTTYPES_H 1
| #define HAVE_STDINT_H 1
| #define HAVE_UNISTD_H 1
| /* end confdefs.h.  */
| #include <stdio.h>
| #ifdef HAVE_SYS_TYPES_H
| # include <sys/types.h>
| #endif
| #ifdef HAVE_SYS_STAT_H
| # include <sys/stat.h>
| #endif
| #ifdef STDC_HEADERS
| # include <stdlib.h>
| # include <stddef.h>
| #else
| # ifdef HAVE_STDLIB_H
| #  include <stdlib.h>
| # endif
| #endif
| #ifdef HAVE_STRING_H
| # if !defined STDC_HEADERS && defined HAVE_MEMORY_H
| #  include <memory.h>
| # endif
| # include <string.h>
| #endif
| #ifdef HAVE_STRINGS_H
| # include <strings.h>
| #endif
| #ifdef HAVE_INTTYPES_H
| # include <inttypes.h>
| #endif
| #ifdef HAVE_STDINT_H
| # include <stdint.h>
| #endif
| #ifdef HAVE_UNISTD_H
| # include <unistd.h>
| #endif
| #include <minix/config.h>
configure:6824: result: no
configure:6824: checking minix/config.h presence
configure:6824: gcc -std=gnu99 -E  conftest.c
conftest.c:21:26: fatal error: minix/config.h: No such file or directory
 #include <minix/config.h>
                          ^
compilation terminated.
configure:6824: $? = 1
configure: failed program was:
| /* confdefs.h */
| #define PACKAGE_NAME "vlc"
| #define PACKAGE_TARNAME "vlc"
| #define PACKAGE_VERSION "2.2.0"
| #define PACKAGE_STRING "vlc 2.2.0"
| #define PACKAGE_BUGREPORT ""
| #define PACKAGE_URL ""
| #define PACKAGE "vlc"
| #define VERSION "2.2.0"
| #define STDC_HEADERS 1
| #define HAVE_SYS_TYPES_H 1
| #define HAVE_SYS_STAT_H 1
| #define HAVE_STDLIB_H 1
| #define HAVE_STRING_H 1
| #define HAVE_MEMORY_H 1
| #define HAVE_STRINGS_H 1
| #define HAVE_INTTYPES_H 1
| #define HAVE_STDINT_H 1
| #define HAVE_UNISTD_H 1
| /* end confdefs.h.  */
| #include <minix/config.h>
configure:6824: result: no
configure:6824: checking for minix/config.h
configure:6824: result: no
configure:6845: checking whether it is safe to define __EXTENSIONS__
configure:6863: gcc -std=gnu99 -c -g -O2  conftest.c >&5
configure:6863: $? = 0
configure:6870: result: yes
configure:6960: checking for g++
configure:6976: found /usr/bin/g++
configure:6987: result: g++
configure:7014: checking for C++ compiler version
configure:7023: g++ --version >&5
g++ (GCC) 4.9.3
Copyright (C) 2015 Free Software Foundation, Inc.
This is free software; see the source for copying conditions.  There is NO
warranty; not even for MERCHANTABILITY or FITNESS FOR A PARTICULAR PURPOSE.

configure:7034: $? = 0
configure:7023: g++ -v >&5
Using built-in specs.
COLLECT_GCC=g++
COLLECT_LTO_WRAPPER=/usr/lib/gcc/i686-pc-cygwin/4.9.3/lto-wrapper.exe
Target: i686-pc-cygwin
Configured with: /cygdrive/i/szsz/tmpp/gcc/gcc-4.9.3-1.i686/src/gcc-4.9.3/configure --srcdir=/cygdrive/i/szsz/tmpp/gcc/gcc-4.9.3-1.i686/src/gcc-4.9.3 --prefix=/usr --exec-prefix=/usr --localstatedir=/var --sysconfdir=/etc --docdir=/usr/share/doc/gcc --htmldir=/usr/share/doc/gcc/html -C --build=i686-pc-cygwin --host=i686-pc-cygwin --target=i686-pc-cygwin --without-libiconv-prefix --without-libintl-prefix --libexecdir=/usr/lib --enable-shared --enable-shared-libgcc --enable-static --enable-version-specific-runtime-libs --enable-bootstrap --enable-__cxa_atexit --with-dwarf2 --with-arch=i686 --with-tune=generic --disable-sjlj-exceptions --enable-languages=ada,c,c++,fortran,java,lto,objc,obj-c++ --enable-graphite --enable-threads=posix --enable-libatomic --enable-libgomp --disable-libitm --enable-libquadmath --enable-libquadmath-support --enable-libssp --enable-libada --enable-libjava --enable-libgcj-sublibs --disable-java-awt --disable-symvers --with-ecj-jar=/usr/share/java/ecj.jar --with-gnu-ld --with-gnu-as --with-cloog-include=/usr/include/cloog-isl --without-libiconv-prefix --without-libintl-prefix --with-system-zlib --enable-linker-build-id
Thread model: posix
gcc version 4.9.3 (GCC) 
configure:7034: $? = 0
configure:7023: g++ -V >&5
g++: error: unrecognized command line option '-V'
g++: fatal error: no input files
compilation terminated.
configure:7034: $? = 1
configure:7023: g++ -qversion >&5
g++: error: unrecognized command line option '-qversion'
g++: fatal error: no input files
compilation terminated.
configure:7034: $? = 1
configure:7038: checking whether we are using the GNU C++ compiler
configure:7057: g++ -c   conftest.cpp >&5
configure:7057: $? = 0
configure:7066: result: yes
configure:7075: checking whether g++ accepts -g
configure:7095: g++ -c -g  conftest.cpp >&5
configure:7095: $? = 0
configure:7136: result: yes
configure:7161: checking dependency style of g++
configure:7272: result: gcc3
configure:7292: checking how to run the C preprocessor
configure:7362: result: gcc -std=gnu99 -E
configure:7382: gcc -std=gnu99 -E  conftest.c
configure:7382: $? = 0
configure:7396: gcc -std=gnu99 -E  conftest.c
conftest.c:31:28: fatal error: ac_nonexistent.h: No such file or directory
 #include <ac_nonexistent.h>
                            ^
compilation terminated.
configure:7396: $? = 1
configure: failed program was:
| /* confdefs.h */
| #define PACKAGE_NAME "vlc"
| #define PACKAGE_TARNAME "vlc"
| #define PACKAGE_VERSION "2.2.0"
| #define PACKAGE_STRING "vlc 2.2.0"
| #define PACKAGE_BUGREPORT ""
| #define PACKAGE_URL ""
| #define PACKAGE "vlc"
| #define VERSION "2.2.0"
| #define STDC_HEADERS 1
| #define HAVE_SYS_TYPES_H 1
| #define HAVE_SYS_STAT_H 1
| #define HAVE_STDLIB_H 1
| #define HAVE_STRING_H 1
| #define HAVE_MEMORY_H 1
| #define HAVE_STRINGS_H 1
| #define HAVE_INTTYPES_H 1
| #define HAVE_STDINT_H 1
| #define HAVE_UNISTD_H 1
| #define __EXTENSIONS__ 1
| #define _ALL_SOURCE 1
| #define _GNU_SOURCE 1
| #define _POSIX_PTHREAD_SEMANTICS 1
| #define _TANDEM_SOURCE 1
| #define _FORTIFY_SOURCE 2
| #define _FILE_OFFSET_BITS 64
| #define _THREAD_SAFE /**/
| #define __LIBVLC__ /**/
| #define WIN32_LEAN_AND_MEAN /**/
| /* end confdefs.h.  */
| #include <ac_nonexistent.h>
configure:7478: checking for gcc
configure:7494: found /usr/bin/gcc
configure:7505: result: gcc
configure:7530: checking for Objective C compiler version
configure:7539: gcc --version >&5
gcc (GCC) 4.9.3
Copyright (C) 2015 Free Software Foundation, Inc.
This is free software; see the source for copying conditions.  There is NO
warranty; not even for MERCHANTABILITY or FITNESS FOR A PARTICULAR PURPOSE.

configure:7550: $? = 0
configure:7539: gcc -v >&5
Using built-in specs.
COLLECT_GCC=gcc
COLLECT_LTO_WRAPPER=/usr/lib/gcc/i686-pc-cygwin/4.9.3/lto-wrapper.exe
Target: i686-pc-cygwin
Configured with: /cygdrive/i/szsz/tmpp/gcc/gcc-4.9.3-1.i686/src/gcc-4.9.3/configure --srcdir=/cygdrive/i/szsz/tmpp/gcc/gcc-4.9.3-1.i686/src/gcc-4.9.3 --prefix=/usr --exec-prefix=/usr --localstatedir=/var --sysconfdir=/etc --docdir=/usr/share/doc/gcc --htmldir=/usr/share/doc/gcc/html -C --build=i686-pc-cygwin --host=i686-pc-cygwin --target=i686-pc-cygwin --without-libiconv-prefix --without-libintl-prefix --libexecdir=/usr/lib --enable-shared --enable-shared-libgcc --enable-static --enable-version-specific-runtime-libs --enable-bootstrap --enable-__cxa_atexit --with-dwarf2 --with-arch=i686 --with-tune=generic --disable-sjlj-exceptions --enable-languages=ada,c,c++,fortran,java,lto,objc,obj-c++ --enable-graphite --enable-threads=posix --enable-libatomic --enable-libgomp --disable-libitm --enable-libquadmath --enable-libquadmath-support --enable-libssp --enable-libada --enable-libjava --enable-libgcj-sublibs --disable-java-awt --disable-symvers --with-ecj-jar=/usr/share/java/ecj.jar --with-gnu-ld --with-gnu-as --with-cloog-include=/usr/include/cloog-isl --without-libiconv-prefix --without-libintl-prefix --with-system-zlib --enable-linker-build-id
Thread model: posix
gcc version 4.9.3 (GCC) 
configure:7550: $? = 0
configure:7539: gcc -V >&5
gcc: error: unrecognized command line option '-V'
gcc: fatal error: no input files
compilation terminated.
configure:7550: $? = 1
configure:7539: gcc -qversion >&5
gcc: error: unrecognized command line option '-qversion'
gcc: fatal error: no input files
compilation terminated.
configure:7550: $? = 1
configure:7554: checking whether we are using the GNU Objective C compiler
configure:7573: gcc -c   conftest.m >&5
gcc: error: spawn: No such file or directory
configure:7573: $? = 1
configure: failed program was:
| /* confdefs.h */
| #define PACKAGE_NAME "vlc"
| #define PACKAGE_TARNAME "vlc"
| #define PACKAGE_VERSION "2.2.0"
| #define PACKAGE_STRING "vlc 2.2.0"
| #define PACKAGE_BUGREPORT ""
| #define PACKAGE_URL ""
| #define PACKAGE "vlc"
| #define VERSION "2.2.0"
| #define STDC_HEADERS 1
| #define HAVE_SYS_TYPES_H 1
| #define HAVE_SYS_STAT_H 1
| #define HAVE_STDLIB_H 1
| #define HAVE_STRING_H 1
| #define HAVE_MEMORY_H 1
| #define HAVE_STRINGS_H 1
| #define HAVE_INTTYPES_H 1
| #define HAVE_STDINT_H 1
| #define HAVE_UNISTD_H 1
| #define __EXTENSIONS__ 1
| #define _ALL_SOURCE 1
| #define _GNU_SOURCE 1
| #define _POSIX_PTHREAD_SEMANTICS 1
| #define _TANDEM_SOURCE 1
| #define _FORTIFY_SOURCE 2
| #define _FILE_OFFSET_BITS 64
| #define _THREAD_SAFE /**/
| #define __LIBVLC__ /**/
| #define WIN32_LEAN_AND_MEAN /**/
| /* end confdefs.h.  */
| 
| int
| main ()
| {
| #ifndef __GNUC__
|        choke me
| #endif
| 
|   ;
|   return 0;
| }
configure:7582: result: no
configure:7591: checking whether gcc accepts -g
configure:7611: gcc -c -g  conftest.m >&5
gcc: error: spawn: No such file or directory
configure:7611: $? = 1
configure: failed program was:
| /* confdefs.h */
| #define PACKAGE_NAME "vlc"
| #define PACKAGE_TARNAME "vlc"
| #define PACKAGE_VERSION "2.2.0"
| #define PACKAGE_STRING "vlc 2.2.0"
| #define PACKAGE_BUGREPORT ""
| #define PACKAGE_URL ""
| #define PACKAGE "vlc"
| #define VERSION "2.2.0"
| #define STDC_HEADERS 1
| #define HAVE_SYS_TYPES_H 1
| #define HAVE_SYS_STAT_H 1
| #define HAVE_STDLIB_H 1
| #define HAVE_STRING_H 1
| #define HAVE_MEMORY_H 1
| #define HAVE_STRINGS_H 1
| #define HAVE_INTTYPES_H 1
| #define HAVE_STDINT_H 1
| #define HAVE_UNISTD_H 1
| #define __EXTENSIONS__ 1
| #define _ALL_SOURCE 1
| #define _GNU_SOURCE 1
| #define _POSIX_PTHREAD_SEMANTICS 1
| #define _TANDEM_SOURCE 1
| #define _FORTIFY_SOURCE 2
| #define _FILE_OFFSET_BITS 64
| #define _THREAD_SAFE /**/
| #define __LIBVLC__ /**/
| #define WIN32_LEAN_AND_MEAN /**/
| /* end confdefs.h.  */
| 
| int
| main ()
| {
| 
|   ;
|   return 0;
| }
configure:7626: gcc -c   conftest.m >&5
gcc: error: spawn: No such file or directory
configure:7626: $? = 1
configure: failed program was:
| /* confdefs.h */
| #define PACKAGE_NAME "vlc"
| #define PACKAGE_TARNAME "vlc"
| #define PACKAGE_VERSION "2.2.0"
| #define PACKAGE_STRING "vlc 2.2.0"
| #define PACKAGE_BUGREPORT ""
| #define PACKAGE_URL ""
| #define PACKAGE "vlc"
| #define VERSION "2.2.0"
| #define STDC_HEADERS 1
| #define HAVE_SYS_TYPES_H 1
| #define HAVE_SYS_STAT_H 1
| #define HAVE_STDLIB_H 1
| #define HAVE_STRING_H 1
| #define HAVE_MEMORY_H 1
| #define HAVE_STRINGS_H 1
| #define HAVE_INTTYPES_H 1
| #define HAVE_STDINT_H 1
| #define HAVE_UNISTD_H 1
| #define __EXTENSIONS__ 1
| #define _ALL_SOURCE 1
| #define _GNU_SOURCE 1
| #define _POSIX_PTHREAD_SEMANTICS 1
| #define _TANDEM_SOURCE 1
| #define _FORTIFY_SOURCE 2
| #define _FILE_OFFSET_BITS 64
| #define _THREAD_SAFE /**/
| #define __LIBVLC__ /**/
| #define WIN32_LEAN_AND_MEAN /**/
| /* end confdefs.h.  */
| 
| int
| main ()
| {
| 
|   ;
|   return 0;
| }
configure:7642: gcc -c -g  conftest.m >&5
gcc: error: spawn: No such file or directory
configure:7642: $? = 1
configure: failed program was:
| /* confdefs.h */
| #define PACKAGE_NAME "vlc"
| #define PACKAGE_TARNAME "vlc"
| #define PACKAGE_VERSION "2.2.0"
| #define PACKAGE_STRING "vlc 2.2.0"
| #define PACKAGE_BUGREPORT ""
| #define PACKAGE_URL ""
| #define PACKAGE "vlc"
| #define VERSION "2.2.0"
| #define STDC_HEADERS 1
| #define HAVE_SYS_TYPES_H 1
| #define HAVE_SYS_STAT_H 1
| #define HAVE_STDLIB_H 1
| #define HAVE_STRING_H 1
| #define HAVE_MEMORY_H 1
| #define HAVE_STRINGS_H 1
| #define HAVE_INTTYPES_H 1
| #define HAVE_STDINT_H 1
| #define HAVE_UNISTD_H 1
| #define __EXTENSIONS__ 1
| #define _ALL_SOURCE 1
| #define _GNU_SOURCE 1
| #define _POSIX_PTHREAD_SEMANTICS 1
| #define _TANDEM_SOURCE 1
| #define _FORTIFY_SOURCE 2
| #define _FILE_OFFSET_BITS 64
| #define _THREAD_SAFE /**/
| #define __LIBVLC__ /**/
| #define WIN32_LEAN_AND_MEAN /**/
| /* end confdefs.h.  */
| 
| int
| main ()
| {
| 
|   ;
|   return 0;
| }
configure:7652: result: no
configure:7677: checking dependency style of gcc
configure:7786: result: gcc3
configure:7804: checking dependency style of gcc
configure:7913: result: gcc3
configure:7928: checking for egrep
configure:7990: result: /usr/bin/grep -E
configure:7995: checking whether make sets $(MAKE)
configure:8017: result: yes
configure:8036: checking dependency style of gcc -std=gnu99
configure:8145: result: gcc3
configure:8166: checking for desktop-file-validate
configure:8196: result: no
configure:8209: checking for yasm
configure:8225: found /usr/bin/yasm
configure:8236: result: yasm
configure:8248: checking for an ANSI C-conforming const
configure:8314: gcc -std=gnu99 -c -g -O2  conftest.c >&5
configure:8314: $? = 0
configure:8321: result: yes
configure:8329: checking for inline
configure:8345: gcc -std=gnu99 -c -g -O2  conftest.c >&5
configure:8345: $? = 0
configure:8353: result: inline
configure:8371: checking for C/C++ restrict keyword
configure:8396: gcc -std=gnu99 -c -g -O2  conftest.c >&5
configure:8396: $? = 0
configure:8404: result: __restrict
configure:8646: checking for windres
configure:8662: found /usr/bin/windres
configure:8673: result: windres
configure:8738: checking for objcopy
configure:8754: found /usr/bin/objcopy
configure:8765: result: objcopy
configure:8815: error: VLC requires -mno-cygwin

## ---------------- ##
## Cache variables. ##
## ---------------- ##

ac_cv_build=i686-pc-cygwin
ac_cv_c_compiler_gnu=yes
ac_cv_c_const=yes
ac_cv_c_inline=inline
ac_cv_c_restrict=__restrict
ac_cv_cxx_compiler_gnu=yes
ac_cv_env_ALSA_CFLAGS_set=
ac_cv_env_ALSA_CFLAGS_value=
ac_cv_env_ALSA_LIBS_set=
ac_cv_env_ALSA_LIBS_value=
ac_cv_env_ASDCP_CFLAGS_set=
ac_cv_env_ASDCP_CFLAGS_value=
ac_cv_env_ASDCP_LIBS_set=
ac_cv_env_ASDCP_LIBS_value=
ac_cv_env_AVCODEC_CFLAGS_set=
ac_cv_env_AVCODEC_CFLAGS_value=
ac_cv_env_AVCODEC_LIBS_set=
ac_cv_env_AVCODEC_LIBS_value=
ac_cv_env_AVFORMAT_CFLAGS_set=
ac_cv_env_AVFORMAT_CFLAGS_value=
ac_cv_env_AVFORMAT_LIBS_set=
ac_cv_env_AVFORMAT_LIBS_value=
ac_cv_env_BLURAY_CFLAGS_set=
ac_cv_env_BLURAY_CFLAGS_value=
ac_cv_env_BLURAY_LIBS_set=
ac_cv_env_BLURAY_LIBS_value=
ac_cv_env_BONJOUR_CFLAGS_set=
ac_cv_env_BONJOUR_CFLAGS_value=
ac_cv_env_BONJOUR_LIBS_set=
ac_cv_env_BONJOUR_LIBS_value=
ac_cv_env_CACA_CFLAGS_set=
ac_cv_env_CACA_CFLAGS_value=
ac_cv_env_CACA_LIBS_set=
ac_cv_env_CACA_LIBS_value=
ac_cv_env_CCASFLAGS_set=
ac_cv_env_CCASFLAGS_value=
ac_cv_env_CCAS_set=
ac_cv_env_CCAS_value=
ac_cv_env_CCC_set=
ac_cv_env_CCC_value=
ac_cv_env_CC_set=
ac_cv_env_CC_value=
ac_cv_env_CFLAGS_set=
ac_cv_env_CFLAGS_value=
ac_cv_env_CHROMAPRINT_CFLAGS_set=
ac_cv_env_CHROMAPRINT_CFLAGS_value=
ac_cv_env_CHROMAPRINT_LIBS_set=
ac_cv_env_CHROMAPRINT_LIBS_value=
ac_cv_env_CPPFLAGS_set=
ac_cv_env_CPPFLAGS_value=
ac_cv_env_CPP_set=
ac_cv_env_CPP_value=
ac_cv_env_CXXCPP_set=
ac_cv_env_CXXCPP_value=
ac_cv_env_CXXFLAGS_set=
ac_cv_env_CXXFLAGS_value=
ac_cv_env_CXX_set=
ac_cv_env_CXX_value=
ac_cv_env_DBUS_CFLAGS_set=
ac_cv_env_DBUS_CFLAGS_value=
ac_cv_env_DBUS_LIBS_set=
ac_cv_env_DBUS_LIBS_value=
ac_cv_env_DC1394_CFLAGS_set=
ac_cv_env_DC1394_CFLAGS_value=
ac_cv_env_DC1394_LIBS_set=
ac_cv_env_DC1394_LIBS_value=
ac_cv_env_DCA_CFLAGS_set=
ac_cv_env_DCA_CFLAGS_value=
ac_cv_env_DCA_LIBS_set=
ac_cv_env_DCA_LIBS_value=
ac_cv_env_DESKTOP_FILE_VALIDATE_set=
ac_cv_env_DESKTOP_FILE_VALIDATE_value=
ac_cv_env_DIRECTFB_CFLAGS_set=
ac_cv_env_DIRECTFB_CFLAGS_value=
ac_cv_env_DIRECTFB_LIBS_set=
ac_cv_env_DIRECTFB_LIBS_value=
ac_cv_env_DV1394_CFLAGS_set=
ac_cv_env_DV1394_CFLAGS_value=
ac_cv_env_DV1394_LIBS_set=
ac_cv_env_DV1394_LIBS_value=
ac_cv_env_DVBPSI_CFLAGS_set=
ac_cv_env_DVBPSI_CFLAGS_value=
ac_cv_env_DVBPSI_LIBS_set=
ac_cv_env_DVBPSI_LIBS_value=
ac_cv_env_DVDNAV_CFLAGS_set=
ac_cv_env_DVDNAV_CFLAGS_value=
ac_cv_env_DVDNAV_LIBS_set=
ac_cv_env_DVDNAV_LIBS_value=
ac_cv_env_DVDREAD_CFLAGS_set=
ac_cv_env_DVDREAD_CFLAGS_value=
ac_cv_env_DVDREAD_LIBS_set=
ac_cv_env_DVDREAD_LIBS_value=
ac_cv_env_EGL_CFLAGS_set=
ac_cv_env_EGL_CFLAGS_value=
ac_cv_env_EGL_LIBS_set=
ac_cv_env_EGL_LIBS_value=
ac_cv_env_FDKAAC_CFLAGS_set=
ac_cv_env_FDKAAC_CFLAGS_value=
ac_cv_env_FDKAAC_LIBS_set=
ac_cv_env_FDKAAC_LIBS_value=
ac_cv_env_FLAC_CFLAGS_set=
ac_cv_env_FLAC_CFLAGS_value=
ac_cv_env_FLAC_LIBS_set=
ac_cv_env_FLAC_LIBS_value=
ac_cv_env_FLUIDSYNTH_CFLAGS_set=
ac_cv_env_FLUIDSYNTH_CFLAGS_value=
ac_cv_env_FLUIDSYNTH_LIBS_set=
ac_cv_env_FLUIDSYNTH_LIBS_value=
ac_cv_env_FREERDP_CFLAGS_set=
ac_cv_env_FREERDP_CFLAGS_value=
ac_cv_env_FREERDP_LIBS_set=
ac_cv_env_FREERDP_LIBS_value=
ac_cv_env_FREETYPE_CFLAGS_set=
ac_cv_env_FREETYPE_CFLAGS_value=
ac_cv_env_FREETYPE_LIBS_set=
ac_cv_env_FREETYPE_LIBS_value=
ac_cv_env_FRIBIDI_CFLAGS_set=
ac_cv_env_FRIBIDI_CFLAGS_value=
ac_cv_env_FRIBIDI_LIBS_set=
ac_cv_env_FRIBIDI_LIBS_value=
ac_cv_env_GLES1_CFLAGS_set=
ac_cv_env_GLES1_CFLAGS_value=
ac_cv_env_GLES1_LIBS_set=
ac_cv_env_GLES1_LIBS_value=
ac_cv_env_GLES2_CFLAGS_set=
ac_cv_env_GLES2_CFLAGS_value=
ac_cv_env_GLES2_LIBS_set=
ac_cv_env_GLES2_LIBS_value=
ac_cv_env_GL_CFLAGS_set=
ac_cv_env_GL_CFLAGS_value=
ac_cv_env_GL_LIBS_set=
ac_cv_env_GL_LIBS_value=
ac_cv_env_GNOMEVFS_CFLAGS_set=
ac_cv_env_GNOMEVFS_CFLAGS_value=
ac_cv_env_GNOMEVFS_LIBS_set=
ac_cv_env_GNOMEVFS_LIBS_value=
ac_cv_env_GNUTLS_CFLAGS_set=
ac_cv_env_GNUTLS_CFLAGS_value=
ac_cv_env_GNUTLS_LIBS_set=
ac_cv_env_GNUTLS_LIBS_value=
ac_cv_env_GOOM_CFLAGS_set=
ac_cv_env_GOOM_CFLAGS_value=
ac_cv_env_GOOM_LIBS_set=
ac_cv_env_GOOM_LIBS_value=
ac_cv_env_GST_APP_CFLAGS_set=
ac_cv_env_GST_APP_CFLAGS_value=
ac_cv_env_GST_APP_LIBS_set=
ac_cv_env_GST_APP_LIBS_value=
ac_cv_env_GST_VIDEO_CFLAGS_set=
ac_cv_env_GST_VIDEO_CFLAGS_value=
ac_cv_env_GST_VIDEO_LIBS_set=
ac_cv_env_GST_VIDEO_LIBS_value=
ac_cv_env_IDN_CFLAGS_set=
ac_cv_env_IDN_CFLAGS_value=
ac_cv_env_IDN_LIBS_set=
ac_cv_env_IDN_LIBS_value=
ac_cv_env_JACK_CFLAGS_set=
ac_cv_env_JACK_CFLAGS_value=
ac_cv_env_JACK_LIBS_set=
ac_cv_env_JACK_LIBS_value=
ac_cv_env_KATE_CFLAGS_set=
ac_cv_env_KATE_CFLAGS_value=
ac_cv_env_KATE_LIBS_set=
ac_cv_env_KATE_LIBS_value=
ac_cv_env_KDE4_CONFIG_set=
ac_cv_env_KDE4_CONFIG_value=
ac_cv_env_LDFLAGS_set=
ac_cv_env_LDFLAGS_value=
ac_cv_env_LIBASS_CFLAGS_set=
ac_cv_env_LIBASS_CFLAGS_value=
ac_cv_env_LIBASS_LIBS_set=
ac_cv_env_LIBASS_LIBS_value=
ac_cv_env_LIBCDDB_CFLAGS_set=
ac_cv_env_LIBCDDB_CFLAGS_value=
ac_cv_env_LIBCDDB_LIBS_set=
ac_cv_env_LIBCDDB_LIBS_value=
ac_cv_env_LIBMODPLUG_CFLAGS_set=
ac_cv_env_LIBMODPLUG_CFLAGS_value=
ac_cv_env_LIBMODPLUG_LIBS_set=
ac_cv_env_LIBMODPLUG_LIBS_value=
ac_cv_env_LIBMPEG2_CFLAGS_set=
ac_cv_env_LIBMPEG2_CFLAGS_value=
ac_cv_env_LIBMPEG2_LIBS_set=
ac_cv_env_LIBMPEG2_LIBS_value=
ac_cv_env_LIBS_set=
ac_cv_env_LIBS_value=
ac_cv_env_LIBVA_DRM_CFLAGS_set=
ac_cv_env_LIBVA_DRM_CFLAGS_value=
ac_cv_env_LIBVA_DRM_LIBS_set=
ac_cv_env_LIBVA_DRM_LIBS_value=
ac_cv_env_LIBVA_X11_CFLAGS_set=
ac_cv_env_LIBVA_X11_CFLAGS_value=
ac_cv_env_LIBVA_X11_LIBS_set=
ac_cv_env_LIBVA_X11_LIBS_value=
ac_cv_env_LIBVORBIS_CFLAGS_set=
ac_cv_env_LIBVORBIS_CFLAGS_value=
ac_cv_env_LIBVORBIS_LIBS_set=
ac_cv_env_LIBVORBIS_LIBS_value=
ac_cv_env_LIBXML2_CFLAGS_set=
ac_cv_env_LIBXML2_CFLAGS_value=
ac_cv_env_LIBXML2_LIBS_set=
ac_cv_env_LIBXML2_LIBS_value=
ac_cv_env_LINSYS_SDI_CFLAGS_set=
ac_cv_env_LINSYS_SDI_CFLAGS_value=
ac_cv_env_LINSYS_SDI_LIBS_set=
ac_cv_env_LINSYS_SDI_LIBS_value=
ac_cv_env_LIVE555_CFLAGS_set=
ac_cv_env_LIVE555_CFLAGS_value=
ac_cv_env_LIVE555_LIBS_set=
ac_cv_env_LIVE555_LIBS_value=
ac_cv_env_LT_SYS_LIBRARY_PATH_set=
ac_cv_env_LT_SYS_LIBRARY_PATH_value=
ac_cv_env_LUAC_set=
ac_cv_env_LUAC_value=
ac_cv_env_LUA_CFLAGS_set=
ac_cv_env_LUA_CFLAGS_value=
ac_cv_env_LUA_LIBS_set=
ac_cv_env_LUA_LIBS_value=
ac_cv_env_MFX_CFLAGS_set=
ac_cv_env_MFX_CFLAGS_value=
ac_cv_env_MFX_LIBS_set=
ac_cv_env_MFX_LIBS_value=
ac_cv_env_MINIZIP_CFLAGS_set=
ac_cv_env_MINIZIP_CFLAGS_value=
ac_cv_env_MINIZIP_LIBS_set=
ac_cv_env_MINIZIP_LIBS_value=
ac_cv_env_MTP_CFLAGS_set=
ac_cv_env_MTP_CFLAGS_value=
ac_cv_env_MTP_LIBS_set=
ac_cv_env_MTP_LIBS_value=
ac_cv_env_MUX_OGG_CFLAGS_set=
ac_cv_env_MUX_OGG_CFLAGS_value=
ac_cv_env_MUX_OGG_LIBS_set=
ac_cv_env_MUX_OGG_LIBS_value=
ac_cv_env_NCURSES_CFLAGS_set=
ac_cv_env_NCURSES_CFLAGS_value=
ac_cv_env_NCURSES_LIBS_set=
ac_cv_env_NCURSES_LIBS_value=
ac_cv_env_NOTIFY_CFLAGS_set=
ac_cv_env_NOTIFY_CFLAGS_value=
ac_cv_env_NOTIFY_LIBS_set=
ac_cv_env_NOTIFY_LIBS_value=
ac_cv_env_OBJCFLAGS_set=
ac_cv_env_OBJCFLAGS_value=
ac_cv_env_OBJC_set=
ac_cv_env_OBJC_value=
ac_cv_env_OGG_CFLAGS_set=
ac_cv_env_OGG_CFLAGS_value=
ac_cv_env_OGG_LIBS_set=
ac_cv_env_OGG_LIBS_value=
ac_cv_env_OPENCV_CFLAGS_set=
ac_cv_env_OPENCV_CFLAGS_value=
ac_cv_env_OPENCV_LIBS_set=
ac_cv_env_OPENCV_LIBS_value=
ac_cv_env_OPUS_CFLAGS_set=
ac_cv_env_OPUS_CFLAGS_value=
ac_cv_env_OPUS_LIBS_set=
ac_cv_env_OPUS_LIBS_value=
ac_cv_env_PKG_CONFIG_LIBDIR_set=
ac_cv_env_PKG_CONFIG_LIBDIR_value=
ac_cv_env_PKG_CONFIG_PATH_set=
ac_cv_env_PKG_CONFIG_PATH_value=
ac_cv_env_PKG_CONFIG_set=
ac_cv_env_PKG_CONFIG_value=
ac_cv_env_POSTPROC_CFLAGS_set=
ac_cv_env_POSTPROC_CFLAGS_value=
ac_cv_env_POSTPROC_LIBS_set=
ac_cv_env_POSTPROC_LIBS_value=
ac_cv_env_PROJECTM_CFLAGS_set=
ac_cv_env_PROJECTM_CFLAGS_value=
ac_cv_env_PROJECTM_LIBS_set=
ac_cv_env_PROJECTM_LIBS_value=
ac_cv_env_PULSE_CFLAGS_set=
ac_cv_env_PULSE_CFLAGS_value=
ac_cv_env_PULSE_LIBS_set=
ac_cv_env_PULSE_LIBS_value=
ac_cv_env_QTX11_CFLAGS_set=
ac_cv_env_QTX11_CFLAGS_value=
ac_cv_env_QTX11_LIBS_set=
ac_cv_env_QTX11_LIBS_value=
ac_cv_env_QT_CFLAGS_set=
ac_cv_env_QT_CFLAGS_value=
ac_cv_env_QT_LIBS_set=
ac_cv_env_QT_LIBS_value=
ac_cv_env_SAMPLERATE_CFLAGS_set=
ac_cv_env_SAMPLERATE_CFLAGS_value=
ac_cv_env_SAMPLERATE_LIBS_set=
ac_cv_env_SAMPLERATE_LIBS_value=
ac_cv_env_SCHROEDINGER_CFLAGS_set=
ac_cv_env_SCHROEDINGER_CFLAGS_value=
ac_cv_env_SCHROEDINGER_LIBS_set=
ac_cv_env_SCHROEDINGER_LIBS_value=
ac_cv_env_SDL_CFLAGS_set=
ac_cv_env_SDL_CFLAGS_value=
ac_cv_env_SDL_IMAGE_CFLAGS_set=
ac_cv_env_SDL_IMAGE_CFLAGS_value=
ac_cv_env_SDL_IMAGE_LIBS_set=
ac_cv_env_SDL_IMAGE_LIBS_value=
ac_cv_env_SDL_LIBS_set=
ac_cv_env_SDL_LIBS_value=
ac_cv_env_SFTP_CFLAGS_set=
ac_cv_env_SFTP_CFLAGS_value=
ac_cv_env_SFTP_LIBS_set=
ac_cv_env_SFTP_LIBS_value=
ac_cv_env_SHINE_CFLAGS_set=
ac_cv_env_SHINE_CFLAGS_value=
ac_cv_env_SHINE_LIBS_set=
ac_cv_env_SHINE_LIBS_value=
ac_cv_env_SHOUT_CFLAGS_set=
ac_cv_env_SHOUT_CFLAGS_value=
ac_cv_env_SHOUT_LIBS_set=
ac_cv_env_SHOUT_LIBS_value=
ac_cv_env_SID_CFLAGS_set=
ac_cv_env_SID_CFLAGS_value=
ac_cv_env_SID_LIBS_set=
ac_cv_env_SID_LIBS_value=
ac_cv_env_SMBCLIENT_CFLAGS_set=
ac_cv_env_SMBCLIENT_CFLAGS_value=
ac_cv_env_SMBCLIENT_LIBS_set=
ac_cv_env_SMBCLIENT_LIBS_value=
ac_cv_env_SPEEXDSP_CFLAGS_set=
ac_cv_env_SPEEXDSP_CFLAGS_value=
ac_cv_env_SPEEXDSP_LIBS_set=
ac_cv_env_SPEEXDSP_LIBS_value=
ac_cv_env_SPEEX_CFLAGS_set=
ac_cv_env_SPEEX_CFLAGS_value=
ac_cv_env_SPEEX_LIBS_set=
ac_cv_env_SPEEX_LIBS_value=
ac_cv_env_SVGDEC_CFLAGS_set=
ac_cv_env_SVGDEC_CFLAGS_value=
ac_cv_env_SVGDEC_LIBS_set=
ac_cv_env_SVGDEC_LIBS_value=
ac_cv_env_SVG_CFLAGS_set=
ac_cv_env_SVG_CFLAGS_value=
ac_cv_env_SVG_LIBS_set=
ac_cv_env_SVG_LIBS_value=
ac_cv_env_SWSCALE_CFLAGS_set=
ac_cv_env_SWSCALE_CFLAGS_value=
ac_cv_env_SWSCALE_LIBS_set=
ac_cv_env_SWSCALE_LIBS_value=
ac_cv_env_TAGLIB_CFLAGS_set=
ac_cv_env_TAGLIB_CFLAGS_value=
ac_cv_env_TAGLIB_LIBS_set=
ac_cv_env_TAGLIB_LIBS_value=
ac_cv_env_THEORA_CFLAGS_set=
ac_cv_env_THEORA_CFLAGS_value=
ac_cv_env_THEORA_LIBS_set=
ac_cv_env_THEORA_LIBS_value=
ac_cv_env_TIGER_CFLAGS_set=
ac_cv_env_TIGER_CFLAGS_value=
ac_cv_env_TIGER_LIBS_set=
ac_cv_env_TIGER_LIBS_value=
ac_cv_env_TWOLAME_CFLAGS_set=
ac_cv_env_TWOLAME_CFLAGS_value=
ac_cv_env_TWOLAME_LIBS_set=
ac_cv_env_TWOLAME_LIBS_value=
ac_cv_env_UDEV_CFLAGS_set=
ac_cv_env_UDEV_CFLAGS_value=
ac_cv_env_UDEV_LIBS_set=
ac_cv_env_UDEV_LIBS_value=
ac_cv_env_UPNP_CFLAGS_set=
ac_cv_env_UPNP_CFLAGS_value=
ac_cv_env_UPNP_LIBS_set=
ac_cv_env_UPNP_LIBS_value=
ac_cv_env_VCDX_CFLAGS_set=
ac_cv_env_VCDX_CFLAGS_value=
ac_cv_env_VCDX_LIBS_set=
ac_cv_env_VCDX_LIBS_value=
ac_cv_env_VDPAU_CFLAGS_set=
ac_cv_env_VDPAU_CFLAGS_value=
ac_cv_env_VDPAU_LIBS_set=
ac_cv_env_VDPAU_LIBS_value=
ac_cv_env_VNC_CFLAGS_set=
ac_cv_env_VNC_CFLAGS_value=
ac_cv_env_VNC_LIBS_set=
ac_cv_env_VNC_LIBS_value=
ac_cv_env_VORBIS_CFLAGS_set=
ac_cv_env_VORBIS_CFLAGS_value=
ac_cv_env_VORBIS_LIBS_set=
ac_cv_env_VORBIS_LIBS_value=
ac_cv_env_VPX_CFLAGS_set=
ac_cv_env_VPX_CFLAGS_value=
ac_cv_env_VPX_LIBS_set=
ac_cv_env_VPX_LIBS_value=
ac_cv_env_VSXU_CFLAGS_set=
ac_cv_env_VSXU_CFLAGS_value=
ac_cv_env_VSXU_LIBS_set=
ac_cv_env_VSXU_LIBS_value=
ac_cv_env_X262_CFLAGS_set=
ac_cv_env_X262_CFLAGS_value=
ac_cv_env_X262_LIBS_set=
ac_cv_env_X262_LIBS_value=
ac_cv_env_X26410B_CFLAGS_set=
ac_cv_env_X26410B_CFLAGS_value=
ac_cv_env_X26410B_LIBS_set=
ac_cv_env_X26410B_LIBS_value=
ac_cv_env_X264_CFLAGS_set=
ac_cv_env_X264_CFLAGS_value=
ac_cv_env_X264_LIBS_set=
ac_cv_env_X264_LIBS_value=
ac_cv_env_X265_CFLAGS_set=
ac_cv_env_X265_CFLAGS_value=
ac_cv_env_X265_LIBS_set=
ac_cv_env_X265_LIBS_value=
ac_cv_env_XCB_CFLAGS_set=
ac_cv_env_XCB_CFLAGS_value=
ac_cv_env_XCB_COMPOSITE_CFLAGS_set=
ac_cv_env_XCB_COMPOSITE_CFLAGS_value=
ac_cv_env_XCB_COMPOSITE_LIBS_set=
ac_cv_env_XCB_COMPOSITE_LIBS_value=
ac_cv_env_XCB_KEYSYMS_CFLAGS_set=
ac_cv_env_XCB_KEYSYMS_CFLAGS_value=
ac_cv_env_XCB_KEYSYMS_LIBS_set=
ac_cv_env_XCB_KEYSYMS_LIBS_value=
ac_cv_env_XCB_LIBS_set=
ac_cv_env_XCB_LIBS_value=
ac_cv_env_XCB_RANDR_CFLAGS_set=
ac_cv_env_XCB_RANDR_CFLAGS_value=
ac_cv_env_XCB_RANDR_LIBS_set=
ac_cv_env_XCB_RANDR_LIBS_value=
ac_cv_env_XCB_SHM_CFLAGS_set=
ac_cv_env_XCB_SHM_CFLAGS_value=
ac_cv_env_XCB_SHM_LIBS_set=
ac_cv_env_XCB_SHM_LIBS_value=
ac_cv_env_XCB_XV_CFLAGS_set=
ac_cv_env_XCB_XV_CFLAGS_value=
ac_cv_env_XCB_XV_LIBS_set=
ac_cv_env_XCB_XV_LIBS_value=
ac_cv_env_XEXT_CFLAGS_set=
ac_cv_env_XEXT_CFLAGS_value=
ac_cv_env_XEXT_LIBS_set=
ac_cv_env_XEXT_LIBS_value=
ac_cv_env_XINERAMA_CFLAGS_set=
ac_cv_env_XINERAMA_CFLAGS_value=
ac_cv_env_XINERAMA_LIBS_set=
ac_cv_env_XINERAMA_LIBS_value=
ac_cv_env_XMKMF_set=
ac_cv_env_XMKMF_value=
ac_cv_env_XPM_CFLAGS_set=
ac_cv_env_XPM_CFLAGS_value=
ac_cv_env_XPM_LIBS_set=
ac_cv_env_XPM_LIBS_value=
ac_cv_env_XPROTO_CFLAGS_set=
ac_cv_env_XPROTO_CFLAGS_value=
ac_cv_env_XPROTO_LIBS_set=
ac_cv_env_XPROTO_LIBS_value=
ac_cv_env_ZVBI_CFLAGS_set=
ac_cv_env_ZVBI_CFLAGS_value=
ac_cv_env_ZVBI_LIBS_set=
ac_cv_env_ZVBI_LIBS_value=
ac_cv_env_build_alias_set=
ac_cv_env_build_alias_value=
ac_cv_env_host_alias_set=
ac_cv_env_host_alias_value=
ac_cv_env_target_alias_set=
ac_cv_env_target_alias_value=
ac_cv_exeext=.exe
ac_cv_header_inttypes_h=yes
ac_cv_header_memory_h=yes
ac_cv_header_minix_config_h=no
ac_cv_header_stdc=yes
ac_cv_header_stdint_h=yes
ac_cv_header_stdlib_h=yes
ac_cv_header_string_h=yes
ac_cv_header_strings_h=yes
ac_cv_header_sys_stat_h=yes
ac_cv_header_sys_types_h=yes
ac_cv_header_unistd_h=yes
ac_cv_host=i686-pc-cygwin
ac_cv_objc_compiler_gnu=no
ac_cv_objext=o
ac_cv_path_EGREP='/usr/bin/grep -E'
ac_cv_path_GREP=/usr/bin/grep
ac_cv_path_install='/usr/bin/install -c'
ac_cv_path_mkdir=/usr/bin/mkdir
ac_cv_prog_AWK=gawk
ac_cv_prog_CPP='gcc -std=gnu99 -E'
ac_cv_prog_YASM=yasm
ac_cv_prog_ac_ct_CC=gcc
ac_cv_prog_ac_ct_CXX=g++
ac_cv_prog_ac_ct_OBJC=gcc
ac_cv_prog_ac_ct_OBJCOPY=objcopy
ac_cv_prog_ac_ct_WINDRES=windres
ac_cv_prog_cc_c89=
ac_cv_prog_cc_c99=-std=gnu99
ac_cv_prog_cc_g=yes
ac_cv_prog_cxx_g=yes
ac_cv_prog_make_make_set=yes
ac_cv_prog_objc_g=no
ac_cv_safe_to_define___extensions__=yes
am_cv_CCAS_dependencies_compiler_type=gcc3
am_cv_CC_dependencies_compiler_type=gcc3
am_cv_CXX_dependencies_compiler_type=gcc3
am_cv_OBJC_dependencies_compiler_type=gcc3
am_cv_make_support_nested_variables=yes
am_cv_prog_cc_c_o=yes
am_cv_prog_tar_ustar=gnutar

## ----------------- ##
## Output variables. ##
## ----------------- ##

ACLOCAL='${SHELL} /cygdrive/d/workspace/src.multi-media/trunk/vlc-2.2.0/autotools/missing aclocal-1.15'
ALIASES=''
ALSA_CFLAGS=''
ALSA_LIBS=''
ALTIVEC_CFLAGS=''
AMDEPBACKSLASH='\'
AMDEP_FALSE='#'
AMDEP_TRUE=''
AMTAR='$${TAR-tar}'
AM_BACKSLASH='\'
AM_CPPFLAGS=''
AM_DEFAULT_V='$(AM_DEFAULT_VERBOSITY)'
AM_DEFAULT_VERBOSITY='0'
AM_V='$(V)'
AR=''
ARCH=''
AS=''
ASDCP_CFLAGS=''
ASDCP_LIBS=''
ASM=''
AUTOCONF='${SHELL} /cygdrive/d/workspace/src.multi-media/trunk/vlc-2.2.0/autotools/missing autoconf'
AUTOHEADER='${SHELL} /cygdrive/d/workspace/src.multi-media/trunk/vlc-2.2.0/autotools/missing autoheader'
AUTOMAKE='${SHELL} /cygdrive/d/workspace/src.multi-media/trunk/vlc-2.2.0/autotools/missing automake-1.15'
AVCODEC_CFLAGS=''
AVCODEC_LIBS=''
AVFORMAT_CFLAGS=''
AVFORMAT_LIBS=''
AWK='gawk'
BLURAY_CFLAGS=''
BLURAY_LIBS=''
BONJOUR_CFLAGS=''
BONJOUR_LIBS=''
BUILD_HTTPD_FALSE=''
BUILD_HTTPD_TRUE=''
BUILD_LUA_FALSE=''
BUILD_LUA_TRUE=''
BUILD_MACOSX_VLC_APP_FALSE=''
BUILD_MACOSX_VLC_APP_TRUE=''
BUILD_SKINS_FALSE=''
BUILD_SKINS_TRUE=''
BUILD_VLC_FALSE=''
BUILD_VLC_TRUE=''
CACA_CFLAGS=''
CACA_LIBS=''
CC='gcc -std=gnu99'
CCAS='gcc -std=gnu99'
CCASDEPMODE='depmode=gcc3'
CCASFLAGS='-g -O2'
CCDEPMODE='depmode=gcc3'
CFLAGS='-g -O2'
CFLAGS_access_mtp=''
CFLAGS_access_output_shout=''
CFLAGS_bonjour=''
CFLAGS_caca=''
CFLAGS_cdda=''
CFLAGS_dc1394=''
CFLAGS_deinterlace=''
CFLAGS_dtstofloat32=''
CFLAGS_dv1394=''
CFLAGS_dvdnav=''
CFLAGS_dvdread=''
CFLAGS_fdkaac=''
CFLAGS_flac=''
CFLAGS_fluidsynth=''
CFLAGS_gles1=''
CFLAGS_gles2=''
CFLAGS_gnomevfs=''
CFLAGS_goom=''
CFLAGS_kate=''
CFLAGS_libbluray=''
CFLAGS_libmpeg2=''
CFLAGS_libvlccore=''
CFLAGS_mmal_codec=''
CFLAGS_mmal_vout=''
CFLAGS_mod=''
CFLAGS_mtp=''
CFLAGS_mux_ogg=''
CFLAGS_ncurses=''
CFLAGS_notify=''
CFLAGS_ogg=''
CFLAGS_omxil=''
CFLAGS_omxil_vout=''
CFLAGS_opencv_example=''
CFLAGS_opencv_wrapper=''
CFLAGS_opus=''
CFLAGS_postproc=''
CFLAGS_qsv=''
CFLAGS_rdp=''
CFLAGS_samplerate=''
CFLAGS_schroedinger=''
CFLAGS_sftp=''
CFLAGS_shine=''
CFLAGS_sid=''
CFLAGS_smb=''
CFLAGS_speex=''
CFLAGS_stream_out_chromaprint=''
CFLAGS_svg=''
CFLAGS_svgdec=''
CFLAGS_swscale=''
CFLAGS_theora=''
CFLAGS_twolame=''
CFLAGS_udev=''
CFLAGS_upnp=''
CFLAGS_vcdx=''
CFLAGS_vnc=''
CFLAGS_vorbis=''
CFLAGS_vout_sdl=''
CFLAGS_x262=''
CFLAGS_x26410b=''
CFLAGS_x264=''
CFLAGS_x265=''
CFLAGS_xml=''
CHROMAPRINT_CFLAGS=''
CHROMAPRINT_LIBS=''
CONTRIB_DIR=''
COPYRIGHT_MESSAGE=''
COPYRIGHT_YEARS='1996-2015'
CPP='gcc -std=gnu99 -E'
CPPFLAGS=''
CPPFLAGS_a52tofloat32=''
CPPFLAGS_access_mtp=''
CPPFLAGS_access_output_shout=''
CPPFLAGS_bonjour=''
CPPFLAGS_caca=''
CPPFLAGS_dc1394=''
CPPFLAGS_decklink=''
CPPFLAGS_decklinkoutput=''
CPPFLAGS_directfb=''
CPPFLAGS_dtstofloat32=''
CPPFLAGS_dv1394=''
CPPFLAGS_dvdnav=''
CPPFLAGS_dvdread=''
CPPFLAGS_faad=''
CPPFLAGS_fdkaac=''
CPPFLAGS_flac=''
CPPFLAGS_fluidsynth=''
CPPFLAGS_freetype=''
CPPFLAGS_gles1=''
CPPFLAGS_gles2=''
CPPFLAGS_gnomevfs=''
CPPFLAGS_goom=''
CPPFLAGS_kate=''
CPPFLAGS_libass=''
CPPFLAGS_libbluray=''
CPPFLAGS_libmpeg2=''
CPPFLAGS_mpgatofixed32=''
CPPFLAGS_mtp=''
CPPFLAGS_mux_ogg=''
CPPFLAGS_notify=''
CPPFLAGS_ogg=''
CPPFLAGS_opencv_example=''
CPPFLAGS_opencv_wrapper=''
CPPFLAGS_opus=''
CPPFLAGS_qsv=''
CPPFLAGS_rdp=''
CPPFLAGS_samplerate=''
CPPFLAGS_schroedinger=''
CPPFLAGS_sftp=''
CPPFLAGS_shine=''
CPPFLAGS_skins2=''
CPPFLAGS_smb=''
CPPFLAGS_speex=''
CPPFLAGS_svg=''
CPPFLAGS_svgdec=''
CPPFLAGS_theora=''
CPPFLAGS_twolame=''
CPPFLAGS_udev=''
CPPFLAGS_upnp=''
CPPFLAGS_vcdx=''
CPPFLAGS_vnc=''
CPPFLAGS_vorbis=''
CPPFLAGS_vpx=''
CPPFLAGS_x264=''
CPPFLAGS_x265=''
CPPFLAGS_xml=''
CXX='g++'
CXXCPP=''
CXXDEPMODE='depmode=gcc3'
CXXFLAGS='-g -O2'
CXXFLAGS_live555=''
CXXFLAGS_mod=''
CXXFLAGS_qt4=''
CXXFLAGS_skins2=''
CXXFLAGS_vsxu=''
CYGPATH_W='cygpath -w'
DBUS_CFLAGS=''
DBUS_LIBS=''
DC1394_CFLAGS=''
DC1394_LIBS=''
DCA_CFLAGS=''
DCA_LIBS=''
DEFS=''
DEFS_BIGENDIAN=''
DEPDIR='.deps'
DESKTOP_FILE_VALIDATE=':'
DIRECTFB_CFLAGS=''
DIRECTFB_CONFIG=''
DIRECTFB_LIBS=''
DLLTOOL=''
DOLT_BASH=''
DOLT_CLEANFILES=''
DSYMUTIL=''
DUMPBIN=''
DV1394_CFLAGS=''
DV1394_LIBS=''
DVBPSI_CFLAGS=''
DVBPSI_LIBS=''
DVDNAV_CFLAGS=''
DVDNAV_LIBS=''
DVDREAD_CFLAGS=''
DVDREAD_LIBS=''
ECHO_C=''
ECHO_N='-n'
ECHO_T=''
EGL_CFLAGS=''
EGL_LIBS=''
EGREP='/usr/bin/grep -E'
ENABLE_ADDONMANAGERMODULES_FALSE=''
ENABLE_ADDONMANAGERMODULES_TRUE=''
ENABLE_MACOSX_DIALOG_PROVIDER_FALSE=''
ENABLE_MACOSX_DIALOG_PROVIDER_TRUE=''
ENABLE_MACOSX_UI_FALSE=''
ENABLE_MACOSX_UI_TRUE=''
ENABLE_MINIMAL_MACOSX_FALSE=''
ENABLE_MINIMAL_MACOSX_TRUE=''
ENABLE_QT4_FALSE=''
ENABLE_QT4_TRUE=''
ENABLE_SOUT_FALSE=''
ENABLE_SOUT_TRUE=''
ENABLE_VLM_FALSE=''
ENABLE_VLM_TRUE=''
EXEEXT='.exe'
FDKAAC_CFLAGS=''
FDKAAC_LIBS=''
FGREP=''
FILE_LIBVLCCORE_DLL=''
FILE_LIBVLC_DLL=''
FLAC_CFLAGS=''
FLAC_LIBS=''
FLUIDSYNTH_CFLAGS=''
FLUIDSYNTH_LIBS=''
FREERDP_CFLAGS=''
FREERDP_LIBS=''
FREETYPE_CFLAGS=''
FREETYPE_LIBS=''
FRIBIDI_CFLAGS=''
FRIBIDI_LIBS=''
GCRYPT_CFLAGS=''
GCRYPT_LIBS=''
GETTEXT_MACRO_VERSION=''
GLES1_CFLAGS=''
GLES1_LIBS=''
GLES2_CFLAGS=''
GLES2_LIBS=''
GL_CFLAGS=''
GL_LIBS=''
GMSGFMT=''
GMSGFMT_015=''
GNOMEVFS_CFLAGS=''
GNOMEVFS_LIBS=''
GNUGETOPT_LIBS=''
GNUTLS_CFLAGS=''
GNUTLS_LIBS=''
GOOM_CFLAGS=''
GOOM_LIBS=''
GREP='/usr/bin/grep'
GST_APP_CFLAGS=''
GST_APP_LIBS=''
GST_VIDEO_CFLAGS=''
GST_VIDEO_LIBS=''
HAVE_3DNOW_FALSE=''
HAVE_3DNOW_TRUE=''
HAVE_ALSA_FALSE=''
HAVE_ALSA_TRUE=''
HAVE_ALTIVEC_FALSE=''
HAVE_ALTIVEC_TRUE=''
HAVE_ANDROID_FALSE=''
HAVE_ANDROID_TRUE=''
HAVE_ASDCP_FALSE=''
HAVE_ASDCP_TRUE=''
HAVE_AVCODEC_DXVA2_FALSE=''
HAVE_AVCODEC_DXVA2_TRUE=''
HAVE_AVCODEC_FALSE=''
HAVE_AVCODEC_TRUE=''
HAVE_AVCODEC_VAAPI_FALSE=''
HAVE_AVCODEC_VAAPI_TRUE=''
HAVE_AVCODEC_VDA_FALSE=''
HAVE_AVCODEC_VDA_TRUE=''
HAVE_AVCODEC_VDPAU_FALSE=''
HAVE_AVCODEC_VDPAU_TRUE=''
HAVE_AVFORMAT_FALSE=''
HAVE_AVFORMAT_TRUE=''
HAVE_AVFOUNDATION_FALSE=''
HAVE_AVFOUNDATION_TRUE=''
HAVE_DARWIN_FALSE=''
HAVE_DARWIN_TRUE=''
HAVE_DBUS_FALSE=''
HAVE_DBUS_TRUE=''
HAVE_DECKLINK_FALSE=''
HAVE_DECKLINK_TRUE=''
HAVE_DIRECTX_FALSE=''
HAVE_DIRECTX_TRUE=''
HAVE_DVBPSI_FALSE=''
HAVE_DVBPSI_TRUE=''
HAVE_DYNAMIC_PLUGINS_FALSE=''
HAVE_DYNAMIC_PLUGINS_TRUE=''
HAVE_EGL_FALSE=''
HAVE_EGL_TRUE=''
HAVE_GCRYPT_FALSE=''
HAVE_GCRYPT_TRUE=''
HAVE_GL_FALSE=''
HAVE_GL_TRUE=''
HAVE_GST_DECODE_FALSE=''
HAVE_GST_DECODE_TRUE=''
HAVE_IOS_FALSE=''
HAVE_IOS_TRUE=''
HAVE_JACK_FALSE=''
HAVE_JACK_TRUE=''
HAVE_KAI_FALSE=''
HAVE_KAI_TRUE=''
HAVE_KVA_FALSE=''
HAVE_KVA_TRUE=''
HAVE_LINUX_DVB_FALSE=''
HAVE_LINUX_DVB_TRUE=''
HAVE_LINUX_FALSE=''
HAVE_LINUX_TRUE=''
HAVE_MAC_SCREEN_FALSE=''
HAVE_MAC_SCREEN_TRUE=''
HAVE_MINIZIP_FALSE=''
HAVE_MINIZIP_TRUE=''
HAVE_MMXEXT_FALSE=''
HAVE_MMXEXT_TRUE=''
HAVE_MMX_FALSE=''
HAVE_MMX_TRUE=''
HAVE_NEON_FALSE=''
HAVE_NEON_TRUE=''
HAVE_OS2_FALSE=''
HAVE_OS2_TRUE=''
HAVE_OSS_FALSE=''
HAVE_OSS_TRUE=''
HAVE_OSX_FALSE=''
HAVE_OSX_TRUE=''
HAVE_PULSE_FALSE=''
HAVE_PULSE_TRUE=''
HAVE_QTKIT_FALSE=''
HAVE_QTKIT_TRUE=''
HAVE_SNDIO_FALSE=''
HAVE_SNDIO_TRUE=''
HAVE_SPEEXDSP_FALSE=''
HAVE_SPEEXDSP_TRUE=''
HAVE_SSE2_FALSE=''
HAVE_SSE2_TRUE=''
HAVE_SYMBIAN_FALSE=''
HAVE_SYMBIAN_TRUE=''
HAVE_V4L2_FALSE=''
HAVE_V4L2_TRUE=''
HAVE_VAAPI_DRM_FALSE=''
HAVE_VAAPI_DRM_TRUE=''
HAVE_VAAPI_X11_FALSE=''
HAVE_VAAPI_X11_TRUE=''
HAVE_VDPAU_FALSE=''
HAVE_VDPAU_TRUE=''
HAVE_WASAPI_FALSE=''
HAVE_WASAPI_TRUE=''
HAVE_WIN32_FALSE=''
HAVE_WIN32_TRUE=''
HAVE_WIN64_FALSE=''
HAVE_WIN64_TRUE=''
HAVE_WINSTORE_FALSE=''
HAVE_WINSTORE_TRUE=''
HAVE_XCB_FALSE=''
HAVE_XCB_KEYSYMS_FALSE=''
HAVE_XCB_KEYSYMS_TRUE=''
HAVE_XCB_RANDR_FALSE=''
HAVE_XCB_RANDR_TRUE=''
HAVE_XCB_TRUE=''
HAVE_XCB_XVIDEO_FALSE=''
HAVE_XCB_XVIDEO_TRUE=''
HAVE_ZLIB_FALSE=''
HAVE_ZLIB_TRUE=''
IDN_CFLAGS=''
IDN_LIBS=''
INSTALL_DATA='${INSTALL} -m 644'
INSTALL_PROGRAM='${INSTALL}'
INSTALL_SCRIPT='${INSTALL}'
INSTALL_STRIP_PROGRAM='$(install_sh) -c -s'
INTLLIBS=''
INTL_MACOSX_LIBS=''
JACK_CFLAGS=''
JACK_LIBS=''
KAI_LIBS=''
KATE_CFLAGS=''
KATE_LIBS=''
KDE4_CONFIG=''
KDE_SOLID_FALSE=''
KDE_SOLID_TRUE=''
KVA_LIBS=''
LD=''
LDFLAGS=''
LDFLAGS_live555=''
LDFLAGS_mmal_codec=''
LDFLAGS_mmal_vout=''
LDFLAGS_vlc=''
LDFLAGS_x262=''
LDFLAGS_x26410b=''
LDFLAGS_x264=''
LIBASS_CFLAGS=''
LIBASS_LIBS=''
LIBCDDB_CFLAGS=''
LIBCDDB_LIBS=''
LIBDL=''
LIBEXT=''
LIBICONV=''
LIBINTL=''
LIBM=''
LIBMODPLUG_CFLAGS=''
LIBMODPLUG_LIBS=''
LIBMPEG2_CFLAGS=''
LIBMPEG2_LIBS=''
LIBOBJS=''
LIBPTHREAD=''
LIBS=''
LIBS_a52tofloat32=''
LIBS_aa=''
LIBS_access_mtp=''
LIBS_access_output_shout=''
LIBS_access_rtmp=''
LIBS_adjust=''
LIBS_anaglyph=''
LIBS_android_opaque=''
LIBS_android_surface=''
LIBS_audiobargraph_a=''
LIBS_audiobargraph_v=''
LIBS_ball=''
LIBS_bonjour=''
LIBS_caca=''
LIBS_cdda=''
LIBS_chorus_flanger=''
LIBS_colorthres=''
LIBS_compressor=''
LIBS_crystalhd=''
LIBS_dc1394=''
LIBS_directfb=''
LIBS_dtstofloat32=''
LIBS_dv1394=''
LIBS_dvdnav=''
LIBS_dvdread=''
LIBS_equalizer=''
LIBS_extract=''
LIBS_faad=''
LIBS_fdkaac=''
LIBS_flac=''
LIBS_fluidsynth=''
LIBS_freetype=''
LIBS_gaussianblur=''
LIBS_gles1=''
LIBS_gles2=''
LIBS_glspectrum=''
LIBS_gme=''
LIBS_gnomevfs=''
LIBS_gnutls=''
LIBS_goom=''
LIBS_gradient=''
LIBS_grain=''
LIBS_growl=''
LIBS_headphone_channel_mixer=''
LIBS_hotkeys=''
LIBS_hqdn3d=''
LIBS_kate=''
LIBS_libass=''
LIBS_libbluray=''
LIBS_libmpeg2=''
LIBS_libvlc=''
LIBS_libvlccore=''
LIBS_lirc=''
LIBS_live555=''
LIBS_macosx=''
LIBS_macosx_dialog_provider=''
LIBS_minimal_macosx=''
LIBS_mkv=''
LIBS_mmal_codec=''
LIBS_mmal_vout=''
LIBS_mod=''
LIBS_mono=''
LIBS_mosaic=''
LIBS_mpc=''
LIBS_mpgatofixed32=''
LIBS_mtp=''
LIBS_mux_ogg=''
LIBS_ncurses=''
LIBS_netsync=''
LIBS_noise=''
LIBS_normvol=''
LIBS_notify=''
LIBS_ogg=''
LIBS_oldmovie=''
LIBS_oldrc=''
LIBS_opencv_example=''
LIBS_opencv_wrapper=''
LIBS_opus=''
LIBS_param_eq=''
LIBS_postproc=''
LIBS_psychedelic=''
LIBS_qsv=''
LIBS_qt4=''
LIBS_quartztext=''
LIBS_quicktime=''
LIBS_rdp=''
LIBS_remoteosd=''
LIBS_ripple=''
LIBS_samplerate=''
LIBS_sap=''
LIBS_scene=''
LIBS_schroedinger=''
LIBS_sftp=''
LIBS_shine=''
LIBS_sid=''
LIBS_skins2=''
LIBS_smb=''
LIBS_spatializer=''
LIBS_speex=''
LIBS_stream_out_chromaprint=''
LIBS_stream_out_raop=''
LIBS_stream_out_rtp=''
LIBS_stream_out_standard=''
LIBS_svg=''
LIBS_svgdec=''
LIBS_swscale=''
LIBS_theora=''
LIBS_ts=''
LIBS_twolame=''
LIBS_udev=''
LIBS_unzip=''
LIBS_upnp=''
LIBS_vcdx=''
LIBS_vlc=''
LIBS_vnc=''
LIBS_vod_rtsp=''
LIBS_vorbis=''
LIBS_vout_sdl=''
LIBS_vpx=''
LIBS_vsxu=''
LIBS_wave=''
LIBS_win32text=''
LIBS_x262=''
LIBS_x26410b=''
LIBS_x264=''
LIBS_x265=''
LIBS_xml=''
LIBS_zip=''
LIBTOOL=''
LIBVA_DRM_CFLAGS=''
LIBVA_DRM_LIBS=''
LIBVA_X11_CFLAGS=''
LIBVA_X11_LIBS=''
LIBVORBIS_CFLAGS=''
LIBVORBIS_LIBS=''
LIBXML2_CFLAGS=''
LIBXML2_LIBS=''
LINSYS_SDI_CFLAGS=''
LINSYS_SDI_LIBS=''
LIPO=''
LIVE555_CFLAGS=''
LIVE555_LIBS=''
LN_S=''
LTCOMPILE=''
LTCXXCOMPILE=''
LTLIBICONV=''
LTLIBINTL=''
LTLIBOBJS=''
LTLIBa52tofloat32=''
LTLIBaa=''
LTLIBaccess_eyetv=''
LTLIBaccess_mtp=''
LTLIBaccess_output_shout=''
LTLIBaccess_realrtsp=''
LTLIBandroid_opaque=''
LTLIBandroid_surface=''
LTLIBatmo=''
LTLIBaudioqueue=''
LTLIBavcapture=''
LTLIBbonjour=''
LTLIBcaca=''
LTLIBcdda=''
LTLIBcrystalhd=''
LTLIBdc1394=''
LTLIBdirect2d=''
LTLIBdirect3d=''
LTLIBdirectfb=''
LTLIBdtstofloat32=''
LTLIBdv1394=''
LTLIBdvdnav=''
LTLIBdvdread=''
LTLIBfaad=''
LTLIBfb=''
LTLIBfdkaac=''
LTLIBflac=''
LTLIBfluidsynth=''
LTLIBfreetype=''
LTLIBgles1=''
LTLIBgles2=''
LTLIBglspectrum=''
LTLIBglwin32=''
LTLIBgme=''
LTLIBgnomevfs=''
LTLIBgnutls=''
LTLIBgoom=''
LTLIBgrowl=''
LTLIBjpeg=''
LTLIBkate=''
LTLIBlibass=''
LTLIBlibbluray=''
LTLIBlibmpeg2=''
LTLIBlinsys_hdsdi=''
LTLIBlinsys_sdi=''
LTLIBlirc=''
LTLIBlive555=''
LTLIBmacosx=''
LTLIBmacosx_dialog_provider=''
LTLIBminimal_macosx=''
LTLIBmkv=''
LTLIBmmal_codec=''
LTLIBmmal_vout=''
LTLIBmod=''
LTLIBmpc=''
LTLIBmpgatofixed32=''
LTLIBmtp=''
LTLIBmux_ogg=''
LTLIBncurses=''
LTLIBnotify=''
LTLIBogg=''
LTLIBomxil=''
LTLIBomxil_vout=''
LTLIBopencv_example=''
LTLIBopencv_wrapper=''
LTLIBopensles_android=''
LTLIBopus=''
LTLIBpng=''
LTLIBpostproc=''
LTLIBprojectm=''
LTLIBqsv=''
LTLIBqt4=''
LTLIBqtcapture=''
LTLIBqtsound=''
LTLIBquartztext=''
LTLIBquicktime=''
LTLIBrdp=''
LTLIBsamplerate=''
LTLIBschroedinger=''
LTLIBscreen=''
LTLIBsdl_image=''
LTLIBsftp=''
LTLIBshine=''
LTLIBsid=''
LTLIBskins2=''
LTLIBsmb=''
LTLIBspeex=''
LTLIBstream_out_chromaprint=''
LTLIBsvg=''
LTLIBsvgdec=''
LTLIBswscale=''
LTLIBtaglib=''
LTLIBtelx=''
LTLIBtheora=''
LTLIBtremor=''
LTLIBtwolame=''
LTLIBudev=''
LTLIBupnp=''
LTLIBvcd=''
LTLIBvcdx=''
LTLIBvnc=''
LTLIBvorbis=''
LTLIBvout_sdl=''
LTLIBvpx=''
LTLIBvsxu=''
LTLIBwma_fixed=''
LTLIBx262=''
LTLIBx26410b=''
LTLIBx264=''
LTLIBx265=''
LTLIBxml=''
LTLIBzvbi=''
LT_SYS_LIBRARY_PATH=''
LUAC=''
LUA_CFLAGS=''
LUA_LIBS=''
MACOSX_DEPLOYMENT_TARGET=''
MAINT=''
MAINTAINER_MODE_FALSE='#'
MAINTAINER_MODE_TRUE=''
MAKEINFO='${SHELL} /cygdrive/d/workspace/src.multi-media/trunk/vlc-2.2.0/autotools/missing makeinfo'
MANIFEST_TOOL=''
MERGE_FFMPEG_FALSE=''
MERGE_FFMPEG_TRUE=''
MFX_CFLAGS=''
MFX_LIBS=''
MINIZIP_CFLAGS=''
MINIZIP_LIBS=''
MKDIR_P='/usr/bin/mkdir -p'
MOC=''
MSGFMT=''
MSGFMT_015=''
MSGMERGE=''
MTP_CFLAGS=''
MTP_LIBS=''
MUX_OGG_CFLAGS=''
MUX_OGG_LIBS=''
NCURSES_CFLAGS=''
NCURSES_LIBS=''
NM=''
NMEDIT=''
NOTIFY_CFLAGS=''
NOTIFY_LIBS=''
OBJC='gcc'
OBJCDEPMODE='depmode=gcc3'
OBJCFLAGS=''
OBJCFLAGS_growl=''
OBJCFLAGS_macosx=''
OBJCFLAGS_minimal_macosx=''
OBJCOPY='objcopy'
OBJDUMP=''
OBJEXT='o'
OGG_CFLAGS=''
OGG_LIBS=''
OPENCV_CFLAGS=''
OPENCV_LIBS=''
OPUS_CFLAGS=''
OPUS_LIBS=''
OSS_LIBS=''
OTOOL64=''
OTOOL=''
PACKAGE='vlc'
PACKAGE_BUGREPORT=''
PACKAGE_NAME='vlc'
PACKAGE_STRING='vlc 2.2.0'
PACKAGE_TARNAME='vlc'
PACKAGE_URL=''
PACKAGE_VERSION='2.2.0'
PATH_SEPARATOR=':'
PKGDIR='vlc'
PKG_CONFIG=''
PKG_CONFIG_LIBDIR=''
PKG_CONFIG_PATH=''
POSTPROC_CFLAGS=''
POSTPROC_LIBS=''
POSUB=''
PROGRAMFILES='C:\Program Files (x86)'
PROJECTM_CFLAGS=''
PROJECTM_LIBS=''
PULSE_CFLAGS=''
PULSE_LIBS=''
QTX11_CFLAGS=''
QTX11_LIBS=''
QT_CFLAGS=''
QT_LIBS=''
RANLIB=''
RC=''
RCC=''
SAMPLERATE_CFLAGS=''
SAMPLERATE_LIBS=''
SCHROEDINGER_CFLAGS=''
SCHROEDINGER_LIBS=''
SDL_CFLAGS=''
SDL_IMAGE_CFLAGS=''
SDL_IMAGE_LIBS=''
SDL_LIBS=''
SED=''
SET_MAKE=''
SFTP_CFLAGS=''
SFTP_LIBS=''
SHELL='/bin/sh'
SHINE_CFLAGS=''
SHINE_LIBS=''
SHOUT_CFLAGS=''
SHOUT_LIBS=''
SID_CFLAGS=''
SID_LIBS=''
SMBCLIENT_CFLAGS=''
SMBCLIENT_LIBS=''
SOCKET_LIBS=''
SPEEXDSP_CFLAGS=''
SPEEXDSP_LIBS=''
SPEEX_CFLAGS=''
SPEEX_LIBS=''
STRIP=''
SVGDEC_CFLAGS=''
SVGDEC_LIBS=''
SVG_CFLAGS=''
SVG_LIBS=''
SWSCALE_CFLAGS=''
SWSCALE_LIBS=''
SYMBOLIC_LDFLAGS=''
SYS=''
TAGLIB_CFLAGS=''
TAGLIB_LIBS=''
THEORA_CFLAGS=''
THEORA_LIBS=''
TIGER_CFLAGS=''
TIGER_LIBS=''
TWOLAME_CFLAGS=''
TWOLAME_LIBS=''
U2D=''
UDEV_CFLAGS=''
UDEV_LIBS=''
UIC=''
UPNP_CFLAGS=''
UPNP_LIBS=''
USE_NLS=''
VCDX_CFLAGS=''
VCDX_LIBS=''
VDPAU_CFLAGS=''
VDPAU_LIBS=''
VERSION='2.2.0'
VERSION_EXTRA='0'
VERSION_MAJOR='2'
VERSION_MESSAGE=''
VERSION_MINOR='2'
VERSION_REVISION='0'
VNC_CFLAGS=''
VNC_LIBS=''
VORBIS_CFLAGS=''
VORBIS_LIBS=''
VPX_CFLAGS=''
VPX_LIBS=''
VSXU_CFLAGS=''
VSXU_LIBS=''
WINDOWS_ARCH=''
WINDRES='windres'
WINE_SDK_PATH=''
X262_CFLAGS=''
X262_LIBS=''
X26410B_CFLAGS=''
X26410B_LIBS=''
X264_CFLAGS=''
X264_LIBS=''
X265_CFLAGS=''
X265_LIBS=''
XCB_CFLAGS=''
XCB_COMPOSITE_CFLAGS=''
XCB_COMPOSITE_LIBS=''
XCB_KEYSYMS_CFLAGS=''
XCB_KEYSYMS_LIBS=''
XCB_LIBS=''
XCB_RANDR_CFLAGS=''
XCB_RANDR_LIBS=''
XCB_SHM_CFLAGS=''
XCB_SHM_LIBS=''
XCB_XV_CFLAGS=''
XCB_XV_LIBS=''
XEXT_CFLAGS=''
XEXT_LIBS=''
XGETTEXT=''
XGETTEXT_015=''
XGETTEXT_EXTRA_OPTIONS=''
XINERAMA_CFLAGS=''
XINERAMA_LIBS=''
XMKMF=''
XPM_CFLAGS=''
XPM_LIBS=''
XPROTO_CFLAGS=''
XPROTO_LIBS=''
X_CFLAGS=''
X_EXTRA_LIBS=''
X_LIBS=''
X_PRE_LIBS=''
YASM='yasm'
YASMFLAGS='-f elf32'
ZVBI_CFLAGS=''
ZVBI_LIBS=''
ac_ct_AR=''
ac_ct_CC='gcc'
ac_ct_CXX='g++'
ac_ct_DUMPBIN=''
ac_ct_OBJC='gcc'
am__EXEEXT_FALSE=''
am__EXEEXT_TRUE=''
am__fastdepCCAS_FALSE='#'
am__fastdepCCAS_TRUE=''
am__fastdepCC_FALSE='#'
am__fastdepCC_TRUE=''
am__fastdepCXX_FALSE='#'
am__fastdepCXX_TRUE=''
am__fastdepOBJC_FALSE='#'
am__fastdepOBJC_TRUE=''
am__include='include'
am__isrc=''
am__leading_dot='.'
am__nodep='_no'
am__quote=''
am__tar='tar --format=ustar -chf - "$$tardir"'
am__untar='tar -xf -'
bindir='${exec_prefix}/bin'
build='i686-pc-cygwin'
build_alias=''
build_cpu='i686'
build_os='cygwin'
build_vendor='pc'
datadir='${datarootdir}'
datarootdir='${prefix}/share'
docdir='${datarootdir}/doc/${PACKAGE_TARNAME}'
dvidir='${docdir}'
exec_prefix='NONE'
have_avfoundation=''
host='i686-pc-cygwin'
host_alias=''
host_cpu='i686'
host_os='cygwin'
host_vendor='pc'
htmldir='${docdir}'
includedir='${prefix}/include'
infodir='${datarootdir}/info'
install_sh='${SHELL} /cygdrive/d/workspace/src.multi-media/trunk/vlc-2.2.0/autotools/install-sh'
libdir='${exec_prefix}/lib'
libexecdir='${exec_prefix}/libexec'
localedir='${datarootdir}/locale'
localstatedir='${prefix}/var'
mandir='${datarootdir}/man'
mkdir_p='$(MKDIR_P)'
oldincludedir='/usr/include'
pdfdir='${docdir}'
prefix='NONE'
program_transform_name='s,x,x,'
psdir='${docdir}'
sbindir='${exec_prefix}/sbin'
sharedstatedir='${prefix}/com'
soliddatadir=''
sysconfdir='${prefix}/etc'
target_alias=''
vlcdatadir='${datadir}/${PKGDIR}'
vlclibdir='${libdir}/${PKGDIR}'

## ----------- ##
## confdefs.h. ##
## ----------- ##

/* confdefs.h */
#define PACKAGE_NAME "vlc"
#define PACKAGE_TARNAME "vlc"
#define PACKAGE_VERSION "2.2.0"
#define PACKAGE_STRING "vlc 2.2.0"
#define PACKAGE_BUGREPORT ""
#define PACKAGE_URL ""
#define PACKAGE "vlc"
#define VERSION "2.2.0"
#define STDC_HEADERS 1
#define HAVE_SYS_TYPES_H 1
#define HAVE_SYS_STAT_H 1
#define HAVE_STDLIB_H 1
#define HAVE_STRING_H 1
#define HAVE_MEMORY_H 1
#define HAVE_STRINGS_H 1
#define HAVE_INTTYPES_H 1
#define HAVE_STDINT_H 1
#define HAVE_UNISTD_H 1
#define __EXTENSIONS__ 1
#define _ALL_SOURCE 1
#define _GNU_SOURCE 1
#define _POSIX_PTHREAD_SEMANTICS 1
#define _TANDEM_SOURCE 1
#define _FORTIFY_SOURCE 2
#define _FILE_OFFSET_BITS 64
#define _THREAD_SAFE /**/
#define __LIBVLC__ /**/
#define WIN32_LEAN_AND_MEAN /**/
#define restrict __restrict
#define _WIN32_IE 0x0600
#define _UNICODE 1
#define UNICODE 1

configure: exit 1
